INFO: Uvicorn running on http://127.0.0.1:8002 (Press CTRL+C to quit)
INFO: Started reloader process [20840]
INFO: Started server process [20845]
INFO: Waiting for application startup.
INFO: ('127.0.0.1', 45898) - "GET /500 HTTP/1.1" 500
ERROR: Exception in ASGI application
Traceback (most recent call last):
  File "/home/claude/py3envs/ltiautotest/lib/python3.6/site-packages/uvicorn/protocols/http/httptools_impl.py", line 375, in run_asgi
    result = await app(self.scope, self.receive, self.send)
  File "/home/claude/py3envs/ltiautotest/lib/python3.6/site-packages/fastapi/applications.py", line 151, in __call__
    await super().__call__(scope, receive, send)  # pragma: no cover
  File "/home/claude/py3envs/ltiautotest/lib/python3.6/site-packages/starlette/applications.py", line 102, in __call__
    await self.middleware_stack(scope, receive, send)
  File "/home/claude/py3envs/ltiautotest/lib/python3.6/site-packages/starlette/middleware/errors.py", line 181, in __call__
    raise exc from None
  File "/home/claude/py3envs/ltiautotest/lib/python3.6/site-packages/starlette/middleware/errors.py", line 159, in __call__
    await self.app(scope, receive, _send)
  File "/home/claude/py3envs/ltiautotest/lib/python3.6/site-packages/starlette/exceptions.py", line 82, in __call__
    raise exc from None
  File "/home/claude/py3envs/ltiautotest/lib/python3.6/site-packages/starlette/exceptions.py", line 71, in __call__
    await self.app(scope, receive, sender)
  File "/home/claude/py3envs/ltiautotest/lib/python3.6/site-packages/starlette/routing.py", line 550, in __call__
    await route.handle(scope, receive, send)
  File "/home/claude/py3envs/ltiautotest/lib/python3.6/site-packages/starlette/routing.py", line 227, in handle
    await self.app(scope, receive, send)
  File "/home/claude/py3envs/ltiautotest/lib/python3.6/site-packages/starlette/routing.py", line 41, in app
    response = await func(request)
  File "/home/claude/py3envs/ltiautotest/lib/python3.6/site-packages/fastapi/routing.py", line 197, in app
    dependant=dependant, values=values, is_coroutine=is_coroutine
  File "/home/claude/py3envs/ltiautotest/lib/python3.6/site-packages/fastapi/routing.py", line 150, in run_endpoint_function
    return await run_in_threadpool(dependant.call, **values)
  File "/home/claude/py3envs/ltiautotest/lib/python3.6/site-packages/starlette/concurrency.py", line 34, in run_in_threadpool
    return await loop.run_in_executor(None, func, *args)
  File "/usr/lib/python3.6/concurrent/futures/thread.py", line 56, in run
    result = self.fn(*self.args, **self.kwargs)
  File "./main.py", line 96, in five_hundred_me
    return not_exist_var
NameError: name 'not_exist_var' is not defined
INFO: ('127.0.0.1', 45902) - "GET /500 HTTP/1.1" 500
ERROR: Exception in ASGI application
Traceback (most recent call last):
  File "/home/claude/py3envs/ltiautotest/lib/python3.6/site-packages/uvicorn/protocols/http/httptools_impl.py", line 375, in run_asgi
    result = await app(self.scope, self.receive, self.send)
  File "/home/claude/py3envs/ltiautotest/lib/python3.6/site-packages/fastapi/applications.py", line 151, in __call__
    await super().__call__(scope, receive, send)  # pragma: no cover
  File "/home/claude/py3envs/ltiautotest/lib/python3.6/site-packages/starlette/applications.py", line 102, in __call__
    await self.middleware_stack(scope, receive, send)
  File "/home/claude/py3envs/ltiautotest/lib/python3.6/site-packages/starlette/middleware/errors.py", line 181, in __call__
    raise exc from None
  File "/home/claude/py3envs/ltiautotest/lib/python3.6/site-packages/starlette/middleware/errors.py", line 159, in __call__
    await self.app(scope, receive, _send)
  File "/home/claude/py3envs/ltiautotest/lib/python3.6/site-packages/starlette/exceptions.py", line 82, in __call__
    raise exc from None
  File "/home/claude/py3envs/ltiautotest/lib/python3.6/site-packages/starlette/exceptions.py", line 71, in __call__
    await self.app(scope, receive, sender)
  File "/home/claude/py3envs/ltiautotest/lib/python3.6/site-packages/starlette/routing.py", line 550, in __call__
    await route.handle(scope, receive, send)
  File "/home/claude/py3envs/ltiautotest/lib/python3.6/site-packages/starlette/routing.py", line 227, in handle
    await self.app(scope, receive, send)
  File "/home/claude/py3envs/ltiautotest/lib/python3.6/site-packages/starlette/routing.py", line 41, in app
    response = await func(request)
  File "/home/claude/py3envs/ltiautotest/lib/python3.6/site-packages/fastapi/routing.py", line 197, in app
    dependant=dependant, values=values, is_coroutine=is_coroutine
  File "/home/claude/py3envs/ltiautotest/lib/python3.6/site-packages/fastapi/routing.py", line 150, in run_endpoint_function
    return await run_in_threadpool(dependant.call, **values)
  File "/home/claude/py3envs/ltiautotest/lib/python3.6/site-packages/starlette/concurrency.py", line 34, in run_in_threadpool
    return await loop.run_in_executor(None, func, *args)
  File "/usr/lib/python3.6/concurrent/futures/thread.py", line 56, in run
    result = self.fn(*self.args, **self.kwargs)
  File "./main.py", line 96, in five_hundred_me
    return not_exist_var
NameError: name 'not_exist_var' is not defined
INFO: ('127.0.0.1', 45910) - "GET /500 HTTP/1.1" 500
ERROR: Exception in ASGI application
Traceback (most recent call last):
  File "/home/claude/py3envs/ltiautotest/lib/python3.6/site-packages/uvicorn/protocols/http/httptools_impl.py", line 375, in run_asgi
    result = await app(self.scope, self.receive, self.send)
  File "/home/claude/py3envs/ltiautotest/lib/python3.6/site-packages/fastapi/applications.py", line 151, in __call__
    await super().__call__(scope, receive, send)  # pragma: no cover
  File "/home/claude/py3envs/ltiautotest/lib/python3.6/site-packages/starlette/applications.py", line 102, in __call__
    await self.middleware_stack(scope, receive, send)
  File "/home/claude/py3envs/ltiautotest/lib/python3.6/site-packages/starlette/middleware/errors.py", line 181, in __call__
    raise exc from None
  File "/home/claude/py3envs/ltiautotest/lib/python3.6/site-packages/starlette/middleware/errors.py", line 159, in __call__
    await self.app(scope, receive, _send)
  File "/home/claude/py3envs/ltiautotest/lib/python3.6/site-packages/starlette/exceptions.py", line 82, in __call__
    raise exc from None
  File "/home/claude/py3envs/ltiautotest/lib/python3.6/site-packages/starlette/exceptions.py", line 71, in __call__
    await self.app(scope, receive, sender)
  File "/home/claude/py3envs/ltiautotest/lib/python3.6/site-packages/starlette/routing.py", line 550, in __call__
    await route.handle(scope, receive, send)
  File "/home/claude/py3envs/ltiautotest/lib/python3.6/site-packages/starlette/routing.py", line 227, in handle
    await self.app(scope, receive, send)
  File "/home/claude/py3envs/ltiautotest/lib/python3.6/site-packages/starlette/routing.py", line 41, in app
    response = await func(request)
  File "/home/claude/py3envs/ltiautotest/lib/python3.6/site-packages/fastapi/routing.py", line 197, in app
    dependant=dependant, values=values, is_coroutine=is_coroutine
  File "/home/claude/py3envs/ltiautotest/lib/python3.6/site-packages/fastapi/routing.py", line 150, in run_endpoint_function
    return await run_in_threadpool(dependant.call, **values)
  File "/home/claude/py3envs/ltiautotest/lib/python3.6/site-packages/starlette/concurrency.py", line 34, in run_in_threadpool
    return await loop.run_in_executor(None, func, *args)
  File "/usr/lib/python3.6/concurrent/futures/thread.py", line 56, in run
    result = self.fn(*self.args, **self.kwargs)
  File "./main.py", line 96, in five_hundred_me
    return not_exist_var
NameError: name 'not_exist_var' is not defined
INFO: Stopping reloader process [20840]
INFO: ('127.0.0.1', 46262) - "GET /results HTTP/1.1" 500
ERROR: Exception in ASGI application
Traceback (most recent call last):
  File "/home/claude/py3envs/ltiautotest/lib/python3.6/site-packages/uvicorn/protocols/http/httptools_impl.py", line 375, in run_asgi
    result = await app(self.scope, self.receive, self.send)
  File "/home/claude/py3envs/ltiautotest/lib/python3.6/site-packages/fastapi/applications.py", line 151, in __call__
    await super().__call__(scope, receive, send)  # pragma: no cover
  File "/home/claude/py3envs/ltiautotest/lib/python3.6/site-packages/starlette/applications.py", line 102, in __call__
    await self.middleware_stack(scope, receive, send)
  File "/home/claude/py3envs/ltiautotest/lib/python3.6/site-packages/starlette/middleware/errors.py", line 181, in __call__
    raise exc from None
  File "/home/claude/py3envs/ltiautotest/lib/python3.6/site-packages/starlette/middleware/errors.py", line 159, in __call__
    await self.app(scope, receive, _send)
  File "/home/claude/py3envs/ltiautotest/lib/python3.6/site-packages/starlette/exceptions.py", line 82, in __call__
    raise exc from None
  File "/home/claude/py3envs/ltiautotest/lib/python3.6/site-packages/starlette/exceptions.py", line 71, in __call__
    await self.app(scope, receive, sender)
  File "/home/claude/py3envs/ltiautotest/lib/python3.6/site-packages/starlette/routing.py", line 550, in __call__
    await route.handle(scope, receive, send)
  File "/home/claude/py3envs/ltiautotest/lib/python3.6/site-packages/starlette/routing.py", line 227, in handle
    await self.app(scope, receive, send)
  File "/home/claude/py3envs/ltiautotest/lib/python3.6/site-packages/starlette/routing.py", line 41, in app
    response = await func(request)
  File "/home/claude/py3envs/ltiautotest/lib/python3.6/site-packages/fastapi/routing.py", line 197, in app
    dependant=dependant, values=values, is_coroutine=is_coroutine
  File "/home/claude/py3envs/ltiautotest/lib/python3.6/site-packages/fastapi/routing.py", line 150, in run_endpoint_function
    return await run_in_threadpool(dependant.call, **values)
  File "/home/claude/py3envs/ltiautotest/lib/python3.6/site-packages/starlette/concurrency.py", line 34, in run_in_threadpool
    return await loop.run_in_executor(None, func, *args)
  File "/usr/lib/python3.6/concurrent/futures/thread.py", line 56, in run
    result = self.fn(*self.args, **self.kwargs)
  File "./main.py", line 45, in read_results
    return templates.TemplateResponse("results.html", {"request": request, "results": [cat1]})
  File "/home/claude/py3envs/ltiautotest/lib/python3.6/site-packages/starlette/templating.py", line 80, in TemplateResponse
    template = self.get_template(name)
  File "/home/claude/py3envs/ltiautotest/lib/python3.6/site-packages/starlette/templating.py", line 67, in get_template
    return self.env.get_template(name)
  File "/home/claude/py3envs/ltiautotest/lib/python3.6/site-packages/jinja2/environment.py", line 830, in get_template
    return self._load_template(name, self.make_globals(globals))
  File "/home/claude/py3envs/ltiautotest/lib/python3.6/site-packages/jinja2/environment.py", line 804, in _load_template
    template = self.loader.load(self, name, globals)
  File "/home/claude/py3envs/ltiautotest/lib/python3.6/site-packages/jinja2/loaders.py", line 125, in load
    code = environment.compile(source, name, filename)
  File "/home/claude/py3envs/ltiautotest/lib/python3.6/site-packages/jinja2/environment.py", line 591, in compile
    self.handle_exception(exc_info, source_hint=source_hint)
  File "/home/claude/py3envs/ltiautotest/lib/python3.6/site-packages/jinja2/environment.py", line 780, in handle_exception
    reraise(exc_type, exc_value, tb)
  File "/home/claude/py3envs/ltiautotest/lib/python3.6/site-packages/jinja2/_compat.py", line 37, in reraise
    raise value.with_traceback(tb)
  File "templates/results.html", line 21, in template
    <source src="{{ '/assets/thumbsup.mp4'if success else '/assets/broken.mp4'" type="video/mp4">
  File "/home/claude/py3envs/ltiautotest/lib/python3.6/site-packages/jinja2/environment.py", line 497, in _parse
    return Parser(self, source, name, encode_filename(filename)).parse()
  File "/home/claude/py3envs/ltiautotest/lib/python3.6/site-packages/jinja2/parser.py", line 901, in parse
    result = nodes.Template(self.subparse(), lineno=1)
  File "/home/claude/py3envs/ltiautotest/lib/python3.6/site-packages/jinja2/parser.py", line 876, in subparse
    self.stream.expect('variable_end')
  File "/home/claude/py3envs/ltiautotest/lib/python3.6/site-packages/jinja2/lexer.py", line 384, in expect
    self.name, self.filename)
jinja2.exceptions.TemplateSyntaxError: expected token 'end of print statement', got 'video'
INFO: ('127.0.0.1', 46268) - "GET /favicon.ico HTTP/1.1" 404
INFO: Shutting down
INFO: Waiting for application shutdown.
INFO: Finished server process [20845]
